[debug] [2020-07-17T07:13:13.453Z] ----------------------------------------------------------------------
[debug] [2020-07-17T07:13:13.455Z] Command:       /home/fernando/.nvm/versions/node/v14.3.0/bin/node /home/fernando/.nvm/versions/node/v14.3.0/bin/firebase deploy --only functions:stopUsage
[debug] [2020-07-17T07:13:13.455Z] CLI Version:   8.5.0
[debug] [2020-07-17T07:13:13.456Z] Platform:      linux
[debug] [2020-07-17T07:13:13.456Z] Node Version:  v14.3.0
[debug] [2020-07-17T07:13:13.456Z] Time:          Fri Jul 17 2020 03:13:13 GMT-0400 (Amazon Standard Time)
[debug] [2020-07-17T07:13:13.456Z] ----------------------------------------------------------------------
[debug] [2020-07-17T07:13:13.456Z] 
[debug] [2020-07-17T07:13:13.488Z] > command requires scopes: ["email","openid","https://www.googleapis.com/auth/cloudplatformprojects.readonly","https://www.googleapis.com/auth/firebase","https://www.googleapis.com/auth/cloud-platform"]
[debug] [2020-07-17T07:13:13.489Z] > authorizing via signed-in user
[debug] [2020-07-17T07:13:13.490Z] [iam] checking project passremind-231 for permissions ["cloudfunctions.functions.create","cloudfunctions.functions.delete","cloudfunctions.functions.get","cloudfunctions.functions.list","cloudfunctions.functions.update","cloudfunctions.operations.get","firebase.projects.get"]
[debug] [2020-07-17T07:13:13.498Z] >>> HTTP REQUEST POST https://cloudresourcemanager.googleapis.com/v1/projects/passremind-231:testIamPermissions  
 {"permissions":["cloudfunctions.functions.create","cloudfunctions.functions.delete","cloudfunctions.functions.get","cloudfunctions.functions.list","cloudfunctions.functions.update","cloudfunctions.operations.get","firebase.projects.get"]}
[debug] [2020-07-17T07:13:14.741Z] <<< HTTP RESPONSE 200 {"content-type":"application/json; charset=UTF-8","vary":"X-Origin, Referer, Origin,Accept-Encoding","date":"Fri, 17 Jul 2020 07:13:14 GMT","server":"ESF","cache-control":"private","x-xss-protection":"0","x-frame-options":"SAMEORIGIN","x-content-type-options":"nosniff","server-timing":"gfet4t7; dur=786","alt-svc":"h3-29=\":443\"; ma=2592000,h3-27=\":443\"; ma=2592000,h3-25=\":443\"; ma=2592000,h3-T050=\":443\"; ma=2592000,h3-Q050=\":443\"; ma=2592000,h3-Q046=\":443\"; ma=2592000,h3-Q043=\":443\"; ma=2592000,quic=\":443\"; ma=2592000; v=\"46,43\"","accept-ranges":"none","transfer-encoding":"chunked"}
[debug] [2020-07-17T07:13:14.745Z] >>> HTTP REQUEST POST https://iam.googleapis.com/v1/projects/passremind-231/serviceAccounts/passremind-231@appspot.gserviceaccount.com:testIamPermissions  
 {"permissions":["iam.serviceAccounts.actAs"]}
[debug] [2020-07-17T07:13:15.865Z] <<< HTTP RESPONSE 200 {"content-type":"application/json; charset=UTF-8","vary":"X-Origin, Referer, Origin,Accept-Encoding","date":"Fri, 17 Jul 2020 07:13:15 GMT","server":"ESF","cache-control":"private","x-xss-protection":"0","x-frame-options":"SAMEORIGIN","x-content-type-options":"nosniff","alt-svc":"h3-29=\":443\"; ma=2592000,h3-27=\":443\"; ma=2592000,h3-25=\":443\"; ma=2592000,h3-T050=\":443\"; ma=2592000,h3-Q050=\":443\"; ma=2592000,h3-Q046=\":443\"; ma=2592000,h3-Q043=\":443\"; ma=2592000,quic=\":443\"; ma=2592000; v=\"46,43\"","accept-ranges":"none","transfer-encoding":"chunked"}
[info] 
[info] === Deploying to 'passremind-231'...
[info] 
[info] i  deploying functions 
[info] Running command: npm --prefix "$RESOURCE_DIR" run lint
[info] ✔  functions: Finished running predeploy script. 
